2026-02-12T09:32:18.159+05:30  INFO 1344 --- [SCM] [restartedMain] com.scm.SCM.ScmApplication               : Starting ScmApplication using Java 25.0.1 with PID 1344 (C:\Users\hp\Documents\spring boot projects\SCM\target\classes started by hp in C:\Users\hp\Documents\spring boot projects\SCM)
2026-02-12T09:32:18.163+05:30 DEBUG 1344 --- [SCM] [restartedMain] com.scm.SCM.ScmApplication               : Running with Spring Boot v3.5.7, Spring v6.2.12
2026-02-12T09:32:18.164+05:30  INFO 1344 --- [SCM] [restartedMain] com.scm.SCM.ScmApplication               : The following 1 profile is active: "local"
2026-02-12T09:32:18.278+05:30  INFO 1344 --- [SCM] [restartedMain] .e.DevToolsPropertyDefaultsPostProcessor : Devtools property defaults active! Set 'spring.devtools.add-properties' to 'false' to disable
2026-02-12T09:32:18.281+05:30  INFO 1344 --- [SCM] [restartedMain] .e.DevToolsPropertyDefaultsPostProcessor : For additional web related logging consider setting the 'logging.level.web' property to 'DEBUG'
2026-02-12T09:32:21.301+05:30  INFO 1344 --- [SCM] [restartedMain] .s.d.r.c.RepositoryConfigurationDelegate : Bootstrapping Spring Data JPA repositories in DEFAULT mode.
2026-02-12T09:32:21.493+05:30  INFO 1344 --- [SCM] [restartedMain] .s.d.r.c.RepositoryConfigurationDelegate : Finished Spring Data repository scanning in 166 ms. Found 2 JPA repository interfaces.
2026-02-12T09:32:23.184+05:30  INFO 1344 --- [SCM] [restartedMain] o.s.b.w.embedded.tomcat.TomcatWebServer  : Tomcat initialized with port 9090 (http)
2026-02-12T09:32:23.229+05:30  INFO 1344 --- [SCM] [restartedMain] o.apache.catalina.core.StandardService   : Starting service [Tomcat]
2026-02-12T09:32:23.230+05:30  INFO 1344 --- [SCM] [restartedMain] o.apache.catalina.core.StandardEngine    : Starting Servlet engine: [Apache Tomcat/10.1.48]
2026-02-12T09:32:23.393+05:30  INFO 1344 --- [SCM] [restartedMain] o.a.c.c.C.[Tomcat].[localhost].[/]       : Initializing Spring embedded WebApplicationContext
2026-02-12T09:32:23.395+05:30  INFO 1344 --- [SCM] [restartedMain] w.s.c.ServletWebServerApplicationContext : Root WebApplicationContext: initialization completed in 5111 ms
2026-02-12T09:32:24.030+05:30  INFO 1344 --- [SCM] [restartedMain] o.hibernate.jpa.internal.util.LogHelper  : HHH000204: Processing PersistenceUnitInfo [name: default]
2026-02-12T09:32:24.240+05:30  INFO 1344 --- [SCM] [restartedMain] org.hibernate.Version                    : HHH000412: Hibernate ORM core version 6.6.33.Final
2026-02-12T09:32:24.360+05:30  INFO 1344 --- [SCM] [restartedMain] o.h.c.internal.RegionFactoryInitiator    : HHH000026: Second-level cache disabled
2026-02-12T09:32:25.288+05:30  INFO 1344 --- [SCM] [restartedMain] o.s.o.j.p.SpringPersistenceUnitInfo      : No LoadTimeWeaver setup: ignoring JPA class transformer
2026-02-12T09:32:25.388+05:30  INFO 1344 --- [SCM] [restartedMain] com.zaxxer.hikari.HikariDataSource       : HikariPool-1 - Starting...
2026-02-12T09:32:26.679+05:30  INFO 1344 --- [SCM] [restartedMain] com.zaxxer.hikari.pool.HikariPool        : HikariPool-1 - Added connection com.mysql.cj.jdbc.ConnectionImpl@4b39931f
2026-02-12T09:32:26.684+05:30  INFO 1344 --- [SCM] [restartedMain] com.zaxxer.hikari.HikariDataSource       : HikariPool-1 - Start completed.
2026-02-12T09:32:26.914+05:30  WARN 1344 --- [SCM] [restartedMain] org.hibernate.orm.deprecation            : HHH90000025: MySQLDialect does not need to be specified explicitly using 'hibernate.dialect' (remove the property setting and it will be selected by default)
2026-02-12T09:32:26.976+05:30  INFO 1344 --- [SCM] [restartedMain] org.hibernate.orm.connections.pooling    : HHH10001005: Database info:
	Database JDBC URL [Connecting through datasource 'HikariDataSource (HikariPool-1)']
	Database driver: undefined/unknown
	Database version: 8.0.41
	Autocommit mode: undefined/unknown
	Isolation level: undefined/unknown
	Minimum pool size: undefined/unknown
	Maximum pool size: undefined/unknown
2026-02-12T09:32:29.743+05:30  INFO 1344 --- [SCM] [restartedMain] o.h.e.t.j.p.i.JtaPlatformInitiator       : HHH000489: No JTA platform available (set 'hibernate.transaction.jta.platform' to enable JTA platform integration)
2026-02-12T09:32:30.054+05:30  INFO 1344 --- [SCM] [restartedMain] j.LocalContainerEntityManagerFactoryBean : Initialized JPA EntityManagerFactory for persistence unit 'default'
2026-02-12T09:32:30.869+05:30  INFO 1344 --- [SCM] [restartedMain] o.s.d.j.r.query.QueryEnhancerFactory     : Hibernate is in classpath; If applicable, HQL parser will be used.
2026-02-12T09:32:32.109+05:30  WARN 1344 --- [SCM] [restartedMain] JpaBaseConfiguration$JpaWebConfiguration : spring.jpa.open-in-view is enabled by default. Therefore, database queries may be performed during view rendering. Explicitly configure spring.jpa.open-in-view to disable this warning
2026-02-12T09:32:32.309+05:30  INFO 1344 --- [SCM] [restartedMain] eAuthenticationProviderManagerConfigurer : Global AuthenticationManager configured with AuthenticationProvider bean with name authenticationProvider
2026-02-12T09:32:32.311+05:30  WARN 1344 --- [SCM] [restartedMain] r$InitializeUserDetailsManagerConfigurer : Global AuthenticationManager configured with an AuthenticationProvider bean. UserDetailsService beans will not be used by Spring Security for automatically configuring username/password login. Consider removing the AuthenticationProvider bean. Alternatively, consider using the UserDetailsService in a manually instantiated DaoAuthenticationProvider. If the current configuration is intentional, to turn off this warning, increase the logging level of 'org.springframework.security.config.annotation.authentication.configuration.InitializeUserDetailsBeanManagerConfigurer' to ERROR
2026-02-12T09:32:33.066+05:30  INFO 1344 --- [SCM] [restartedMain] o.s.b.a.e.web.EndpointLinksResolver      : Exposing 1 endpoint beneath base path '/actuator'
2026-02-12T09:32:34.024+05:30  INFO 1344 --- [SCM] [restartedMain] o.s.b.d.a.OptionalLiveReloadServer       : LiveReload server is running on port 35729
2026-02-12T09:32:34.205+05:30  INFO 1344 --- [SCM] [restartedMain] o.s.b.w.embedded.tomcat.TomcatWebServer  : Tomcat started on port 9090 (http) with context path '/'
2026-02-12T09:32:34.234+05:30  INFO 1344 --- [SCM] [restartedMain] com.scm.SCM.ScmApplication               : Started ScmApplication in 17.273 seconds (process running for 18.642)
2026-02-12T09:32:42.168+05:30  INFO 1344 --- [SCM] [http-nio-9090-exec-1] o.a.c.c.C.[Tomcat].[localhost].[/]       : Initializing Spring DispatcherServlet 'dispatcherServlet'
2026-02-12T09:32:42.170+05:30  INFO 1344 --- [SCM] [http-nio-9090-exec-1] o.s.web.servlet.DispatcherServlet        : Initializing Servlet 'dispatcherServlet'
2026-02-12T09:32:42.173+05:30  INFO 1344 --- [SCM] [http-nio-9090-exec-1] o.s.web.servlet.DispatcherServlet        : Completed initialization in 3 ms
2026-02-12T09:32:43.239+05:30  WARN 1344 --- [SCM] [http-nio-9090-exec-1] actStandardFragmentInsertionTagProcessor : [THYMELEAF][http-nio-9090-exec-1][login] Deprecated unwrapped fragment expression "message :: messagebox" found in template login, line 24, col 16. Please use the complete syntax of fragment expressions instead ("~{message :: messagebox}"). The old, unwrapped syntax for fragment expressions will be removed in future versions of Thymeleaf.
2026-02-12T09:32:43.400+05:30  WARN 1344 --- [SCM] [http-nio-9090-exec-5] actStandardFragmentInsertionTagProcessor : [THYMELEAF][http-nio-9090-exec-5][login] Deprecated unwrapped fragment expression "message :: messagebox" found in template login, line 24, col 16. Please use the complete syntax of fragment expressions instead ("~{message :: messagebox}"). The old, unwrapped syntax for fragment expressions will be removed in future versions of Thymeleaf.
2026-02-12T09:32:45.911+05:30  WARN 1344 --- [SCM] [http-nio-9090-exec-7] actStandardFragmentInsertionTagProcessor : [THYMELEAF][http-nio-9090-exec-7][login] Deprecated unwrapped fragment expression "message :: messagebox" found in template login, line 24, col 16. Please use the complete syntax of fragment expressions instead ("~{message :: messagebox}"). The old, unwrapped syntax for fragment expressions will be removed in future versions of Thymeleaf.
2026-02-12T09:32:52.214+05:30  INFO 1344 --- [SCM] [http-nio-9090-exec-9] com.scm.SCM.controller.RootController    : Initializing model for user: garg20378@gmail.com
2026-02-12T09:32:52.366+05:30  INFO 1344 --- [SCM] [http-nio-9090-exec-10] com.scm.SCM.controller.RootController    : Initializing model for user: garg20378@gmail.com
2026-02-12T09:32:52.594+05:30  INFO 1344 --- [SCM] [http-nio-9090-exec-3] com.scm.SCM.controller.RootController    : Initializing model for user: garg20378@gmail.com
2026-02-12T09:32:57.355+05:30  INFO 1344 --- [SCM] [http-nio-9090-exec-6] com.scm.SCM.controller.RootController    : Initializing model for user: garg20378@gmail.com
2026-02-12T09:32:57.620+05:30  INFO 1344 --- [SCM] [http-nio-9090-exec-7] com.scm.SCM.controller.RootController    : Initializing model for user: garg20378@gmail.com
2026-02-12T09:32:59.854+05:30  INFO 1344 --- [SCM] [http-nio-9090-exec-10] com.scm.SCM.controller.RootController    : Initializing model for user: garg20378@gmail.com
2026-02-12T09:32:59.941+05:30  WARN 1344 --- [SCM] [http-nio-9090-exec-10] actStandardFragmentInsertionTagProcessor : [THYMELEAF][http-nio-9090-exec-10][user/add_contact] Deprecated unwrapped fragment expression "message :: messagebox" found in template user/add_contact, line 24, col 58. Please use the complete syntax of fragment expressions instead ("~{message :: messagebox}"). The old, unwrapped syntax for fragment expressions will be removed in future versions of Thymeleaf.
2026-02-12T09:33:00.095+05:30  INFO 1344 --- [SCM] [http-nio-9090-exec-3] com.scm.SCM.controller.RootController    : Initializing model for user: garg20378@gmail.com
2026-02-12T09:33:01.455+05:30  INFO 1344 --- [SCM] [http-nio-9090-exec-8] com.scm.SCM.controller.RootController    : Initializing model for user: garg20378@gmail.com
2026-02-12T09:33:01.597+05:30  INFO 1344 --- [SCM] [http-nio-9090-exec-1] com.scm.SCM.controller.RootController    : Initializing model for user: garg20378@gmail.com
2026-02-12T09:33:02.915+05:30  INFO 1344 --- [SCM] [http-nio-9090-exec-2] com.scm.SCM.controller.RootController    : Initializing model for user: garg20378@gmail.com
2026-02-12T09:33:03.024+05:30  INFO 1344 --- [SCM] [http-nio-9090-exec-5] com.scm.SCM.controller.RootController    : Initializing model for user: garg20378@gmail.com
2026-02-12T09:33:18.945+05:30  INFO 1344 --- [SCM] [SpringApplicationShutdownHook] o.s.b.w.e.tomcat.GracefulShutdown        : Commencing graceful shutdown. Waiting for active requests to complete
2026-02-12T09:33:18.960+05:30  INFO 1344 --- [SCM] [tomcat-shutdown] o.s.b.w.e.tomcat.GracefulShutdown        : Graceful shutdown complete
2026-02-12T09:33:18.980+05:30  INFO 1344 --- [SCM] [SpringApplicationShutdownHook] j.LocalContainerEntityManagerFactoryBean : Closing JPA EntityManagerFactory for persistence unit 'default'
2026-02-12T09:33:18.988+05:30  INFO 1344 --- [SCM] [SpringApplicationShutdownHook] com.zaxxer.hikari.HikariDataSource       : HikariPool-1 - Shutdown initiated...
2026-02-12T09:33:19.010+05:30  INFO 1344 --- [SCM] [SpringApplicationShutdownHook] com.zaxxer.hikari.HikariDataSource       : HikariPool-1 - Shutdown completed.
